<?xml version="1.0" encoding="UTF-8"?>
<testng-results skipped="0" failed="0" ignored="0" total="4" passed="4">
  <reporter-output>
  </reporter-output>
  <suite name="search-module" duration-ms="114917" started-at="2021-05-20T22:45:40Z" finished-at="2021-05-20T22:47:35Z">
    <groups>
    </groups>
    <test name="search-test-java" duration-ms="52216" started-at="2021-05-20T22:45:40Z" finished-at="2021-05-20T22:46:32Z">
      <class name="com.searchmodule.tests.SearchTest">
        <test-method status="PASS" signature="setupDriver(org.testng.ITestContext)[pri:0, instance:com.searchmodule.tests.SearchTest@5ba23b66]" name="setupDriver" is-config="true" duration-ms="40771" started-at="2021-05-20T22:45:40Z" finished-at="2021-05-20T22:46:21Z">
          <params>
            <param index="0">
              <value>
                <![CDATA[org.testng.TestRunner@7a5d012c]]>
              </value>
            </param>
          </params>
          <reporter-output>
          </reporter-output>
        </test-method> <!-- setupDriver -->
        <test-method status="PASS" signature="search(java.lang.String)[pri:0, instance:com.searchmodule.tests.SearchTest@5ba23b66]" name="search" duration-ms="9419" started-at="2021-05-20T22:46:21Z" finished-at="2021-05-20T22:46:30Z">
          <params>
            <param index="0">
              <value>
                <![CDATA[java]]>
              </value>
            </param>
          </params>
          <reporter-output>
          </reporter-output>
        </test-method> <!-- search -->
        <test-method status="PASS" signature="quitDriver()[pri:0, instance:com.searchmodule.tests.SearchTest@5ba23b66]" name="quitDriver" is-config="true" duration-ms="1970" started-at="2021-05-20T22:46:30Z" finished-at="2021-05-20T22:46:32Z">
          <reporter-output>
          </reporter-output>
        </test-method> <!-- quitDriver -->
      </class> <!-- com.searchmodule.tests.SearchTest -->
    </test> <!-- search-test-java -->
    <test name="search-test-docker" duration-ms="71114" started-at="2021-05-20T22:45:40Z" finished-at="2021-05-20T22:46:51Z">
      <class name="com.searchmodule.tests.SearchTest">
        <test-method status="PASS" signature="setupDriver(org.testng.ITestContext)[pri:0, instance:com.searchmodule.tests.SearchTest@880ec60]" name="setupDriver" is-config="true" duration-ms="60264" started-at="2021-05-20T22:45:40Z" finished-at="2021-05-20T22:46:40Z">
          <params>
            <param index="0">
              <value>
                <![CDATA[org.testng.TestRunner@3fb6a447]]>
              </value>
            </param>
          </params>
          <reporter-output>
          </reporter-output>
        </test-method> <!-- setupDriver -->
        <test-method status="PASS" signature="search(java.lang.String)[pri:0, instance:com.searchmodule.tests.SearchTest@880ec60]" name="search" duration-ms="8969" started-at="2021-05-20T22:46:40Z" finished-at="2021-05-20T22:46:49Z">
          <params>
            <param index="0">
              <value>
                <![CDATA[docker]]>
              </value>
            </param>
          </params>
          <reporter-output>
          </reporter-output>
        </test-method> <!-- search -->
        <test-method status="PASS" signature="quitDriver()[pri:0, instance:com.searchmodule.tests.SearchTest@880ec60]" name="quitDriver" is-config="true" duration-ms="1880" started-at="2021-05-20T22:46:49Z" finished-at="2021-05-20T22:46:51Z">
          <reporter-output>
          </reporter-output>
        </test-method> <!-- quitDriver -->
      </class> <!-- com.searchmodule.tests.SearchTest -->
    </test> <!-- search-test-docker -->
    <test name="search-test-kubernetes" duration-ms="96507" started-at="2021-05-20T22:45:40Z" finished-at="2021-05-20T22:47:17Z">
      <class name="com.searchmodule.tests.SearchTest">
        <test-method status="PASS" signature="setupDriver(org.testng.ITestContext)[pri:0, instance:com.searchmodule.tests.SearchTest@340f438e]" name="setupDriver" is-config="true" duration-ms="79761" started-at="2021-05-20T22:45:40Z" finished-at="2021-05-20T22:47:00Z">
          <params>
            <param index="0">
              <value>
                <![CDATA[org.testng.TestRunner@79b4d0f]]>
              </value>
            </param>
          </params>
          <reporter-output>
          </reporter-output>
        </test-method> <!-- setupDriver -->
        <test-method status="PASS" signature="search(java.lang.String)[pri:0, instance:com.searchmodule.tests.SearchTest@340f438e]" name="search" duration-ms="14308" started-at="2021-05-20T22:47:00Z" finished-at="2021-05-20T22:47:14Z">
          <params>
            <param index="0">
              <value>
                <![CDATA[kubernetes]]>
              </value>
            </param>
          </params>
          <reporter-output>
          </reporter-output>
        </test-method> <!-- search -->
        <test-method status="PASS" signature="quitDriver()[pri:0, instance:com.searchmodule.tests.SearchTest@340f438e]" name="quitDriver" is-config="true" duration-ms="2436" started-at="2021-05-20T22:47:14Z" finished-at="2021-05-20T22:47:17Z">
          <reporter-output>
          </reporter-output>
        </test-method> <!-- quitDriver -->
      </class> <!-- com.searchmodule.tests.SearchTest -->
    </test> <!-- search-test-kubernetes -->
    <test name="search-test-webdriver" duration-ms="114914" started-at="2021-05-20T22:45:40Z" finished-at="2021-05-20T22:47:35Z">
      <class name="com.searchmodule.tests.SearchTest">
        <test-method status="PASS" signature="setupDriver(org.testng.ITestContext)[pri:0, instance:com.searchmodule.tests.SearchTest@3b6eb2ec]" name="setupDriver" is-config="true" duration-ms="104686" started-at="2021-05-20T22:45:40Z" finished-at="2021-05-20T22:47:25Z">
          <params>
            <param index="0">
              <value>
                <![CDATA[org.testng.TestRunner@6b2fad11]]>
              </value>
            </param>
          </params>
          <reporter-output>
          </reporter-output>
        </test-method> <!-- setupDriver -->
        <test-method status="PASS" signature="search(java.lang.String)[pri:0, instance:com.searchmodule.tests.SearchTest@3b6eb2ec]" name="search" duration-ms="8291" started-at="2021-05-20T22:47:25Z" finished-at="2021-05-20T22:47:33Z">
          <params>
            <param index="0">
              <value>
                <![CDATA[webdriver]]>
              </value>
            </param>
          </params>
          <reporter-output>
          </reporter-output>
        </test-method> <!-- search -->
        <test-method status="PASS" signature="quitDriver()[pri:0, instance:com.searchmodule.tests.SearchTest@3b6eb2ec]" name="quitDriver" is-config="true" duration-ms="1931" started-at="2021-05-20T22:47:33Z" finished-at="2021-05-20T22:47:35Z">
          <reporter-output>
          </reporter-output>
        </test-method> <!-- quitDriver -->
      </class> <!-- com.searchmodule.tests.SearchTest -->
    </test> <!-- search-test-webdriver -->
  </suite> <!-- search-module -->
</testng-results>
